0 info it worked if it ends with ok
1 verbose cli [ 'node', '/usr/local/bin/npm', 'install', '-g', 'mocha' ]
2 info using npm@1.2.14
3 info using node@v0.10.0
4 verbose read json /usr/local/lib/package.json
5 verbose read json /usr/local/lib/package.json
6 verbose cache add [ 'mocha', null ]
7 verbose cache add name=undefined spec="mocha" args=["mocha",null]
8 verbose parsed url { protocol: null,
8 verbose parsed url   slashes: null,
8 verbose parsed url   auth: null,
8 verbose parsed url   host: null,
8 verbose parsed url   port: null,
8 verbose parsed url   hostname: null,
8 verbose parsed url   hash: null,
8 verbose parsed url   search: null,
8 verbose parsed url   query: null,
8 verbose parsed url   pathname: 'mocha',
8 verbose parsed url   path: 'mocha',
8 verbose parsed url   href: 'mocha' }
9 silly lockFile a619da43-mocha mocha
10 verbose lock mocha /Users/chinesecold/.npm/a619da43-mocha.lock
11 silly lockFile a619da43-mocha mocha
12 silly lockFile a619da43-mocha mocha
13 verbose addNamed [ 'mocha', '' ]
14 verbose addNamed [ null, '' ]
15 silly lockFile b9899f31-mocha mocha@
16 verbose lock mocha@ /Users/chinesecold/.npm/b9899f31-mocha.lock
17 silly addNameRange { name: 'mocha', range: '', hasData: false }
18 verbose url raw mocha
19 verbose url resolving [ 'https://registry.npmjs.org/', './mocha' ]
20 verbose url resolved https://registry.npmjs.org/mocha
21 info trying registry request attempt 1 at 23:56:47
22 http GET https://registry.npmjs.org/mocha
23 http 200 https://registry.npmjs.org/mocha
24 silly registry.get cb [ 200,
24 silly registry.get   { vary: 'Accept',
24 silly registry.get     server: 'CouchDB/1.3.1 (Erlang OTP/R15B03)',
24 silly registry.get     etag: '"8S7K2H7UL3NT823M4E050T1I5"',
24 silly registry.get     date: 'Mon, 14 Oct 2013 04:56:48 GMT',
24 silly registry.get     'content-type': 'application/json',
24 silly registry.get     'content-length': '131193' } ]
25 silly addNameRange number 2 { name: 'mocha', range: '', hasData: true }
26 silly addNameRange versions [ 'mocha',
26 silly addNameRange   [ '0.0.1-alpha1',
26 silly addNameRange     '0.0.1-alpha2',
26 silly addNameRange     '0.0.1-alpha3',
26 silly addNameRange     '0.0.1-alpha4',
26 silly addNameRange     '0.0.1-alpha5',
26 silly addNameRange     '0.0.1-alpha6',
26 silly addNameRange     '0.0.1',
26 silly addNameRange     '0.0.2',
26 silly addNameRange     '0.0.3',
26 silly addNameRange     '0.0.4',
26 silly addNameRange     '0.0.5',
26 silly addNameRange     '0.0.6',
26 silly addNameRange     '0.0.7',
26 silly addNameRange     '0.0.8',
26 silly addNameRange     '0.1.0',
26 silly addNameRange     '0.2.0',
26 silly addNameRange     '0.3.0',
26 silly addNameRange     '0.3.1',
26 silly addNameRange     '0.3.2',
26 silly addNameRange     '0.3.3',
26 silly addNameRange     '0.3.4',
26 silly addNameRange     '0.3.6',
26 silly addNameRange     '0.4.0',
26 silly addNameRange     '0.5.0',
26 silly addNameRange     '0.6.0',
26 silly addNameRange     '0.7.0',
26 silly addNameRange     '0.7.1',
26 silly addNameRange     '0.8.0',
26 silly addNameRange     '0.8.1',
26 silly addNameRange     '0.9.0',
26 silly addNameRange     '0.10.0',
26 silly addNameRange     '0.10.1',
26 silly addNameRange     '0.10.2',
26 silly addNameRange     '0.11.0',
26 silly addNameRange     '0.12.0',
26 silly addNameRange     '0.12.1',
26 silly addNameRange     '0.13.0',
26 silly addNameRange     '0.14.0',
26 silly addNameRange     '0.14.1',
26 silly addNameRange     '1.0.0',
26 silly addNameRange     '1.0.1',
26 silly addNameRange     '1.0.2',
26 silly addNameRange     '1.0.3',
26 silly addNameRange     '1.1.0',
26 silly addNameRange     '1.2.0',
26 silly addNameRange     '1.2.1',
26 silly addNameRange     '1.2.2',
26 silly addNameRange     '1.3.0',
26 silly addNameRange     '1.3.1',
26 silly addNameRange     '1.3.2',
26 silly addNameRange     '1.4.0',
26 silly addNameRange     '1.4.1',
26 silly addNameRange     '1.4.2',
26 silly addNameRange     '1.4.3',
26 silly addNameRange     '1.5.0',
26 silly addNameRange     '1.6.0',
26 silly addNameRange     '1.7.0',
26 silly addNameRange     '1.7.1',
26 silly addNameRange     '1.7.2',
26 silly addNameRange     '1.7.3',
26 silly addNameRange     '1.7.4',
26 silly addNameRange     '1.8.0',
26 silly addNameRange     '1.8.1',
26 silly addNameRange     '1.8.2',
26 silly addNameRange     '1.9.0',
26 silly addNameRange     '1.10.0',
26 silly addNameRange     '1.11.0',
26 silly addNameRange     '1.12.0',
26 silly addNameRange     '1.12.1',
26 silly addNameRange     '1.13.0' ] ]
27 verbose addNamed [ 'mocha', '1.13.0' ]
28 verbose addNamed [ '1.13.0', '1.13.0' ]
29 silly lockFile 85f05c77-mocha-1-13-0 mocha@1.13.0
30 verbose lock mocha@1.13.0 /Users/chinesecold/.npm/85f05c77-mocha-1-13-0.lock
31 silly lockFile e8c70cc0-npmjs-org-mocha-mocha-1-13-0-tgz https://registry.npmjs.org/mocha/-/mocha-1.13.0.tgz
32 verbose lock https://registry.npmjs.org/mocha/-/mocha-1.13.0.tgz /Users/chinesecold/.npm/e8c70cc0-npmjs-org-mocha-mocha-1-13-0-tgz.lock
33 verbose addRemoteTarball [ 'https://registry.npmjs.org/mocha/-/mocha-1.13.0.tgz',
33 verbose addRemoteTarball   '8d8fa4e310b94cc6efeb3ed26aeca96dea93307c' ]
34 info retry fetch attempt 1 at 23:56:48
35 verbose fetch to= /var/folders/xr/nx9f4mc140j7qb6xtbxwg4th0000gn/T/npm-43836/1381726608675-0.1771822974551469/tmp.tgz
36 http GET https://registry.npmjs.org/mocha/-/mocha-1.13.0.tgz
37 http 200 https://registry.npmjs.org/mocha/-/mocha-1.13.0.tgz
38 silly shasum updated bytes 65536
39 silly shasum updated bytes 871
40 info shasum 8d8fa4e310b94cc6efeb3ed26aeca96dea93307c
40 info shasum /var/folders/xr/nx9f4mc140j7qb6xtbxwg4th0000gn/T/npm-43836/1381726608675-0.1771822974551469/tmp.tgz
41 verbose tar unpack /var/folders/xr/nx9f4mc140j7qb6xtbxwg4th0000gn/T/npm-43836/1381726608675-0.1771822974551469/tmp.tgz
42 silly lockFile 8c74b4b7-08675-0-1771822974551469-package /var/folders/xr/nx9f4mc140j7qb6xtbxwg4th0000gn/T/npm-43836/1381726608675-0.1771822974551469/package
43 verbose lock /var/folders/xr/nx9f4mc140j7qb6xtbxwg4th0000gn/T/npm-43836/1381726608675-0.1771822974551469/package /Users/chinesecold/.npm/8c74b4b7-08675-0-1771822974551469-package.lock
44 silly lockFile 3d34a4d9-08675-0-1771822974551469-tmp-tgz /var/folders/xr/nx9f4mc140j7qb6xtbxwg4th0000gn/T/npm-43836/1381726608675-0.1771822974551469/tmp.tgz
45 verbose lock /var/folders/xr/nx9f4mc140j7qb6xtbxwg4th0000gn/T/npm-43836/1381726608675-0.1771822974551469/tmp.tgz /Users/chinesecold/.npm/3d34a4d9-08675-0-1771822974551469-tmp-tgz.lock
46 silly gunzTarPerm modes [ '755', '644' ]
47 silly gunzTarPerm extractEntry package.json
48 silly gunzTarPerm extractEntry index.js
49 silly gunzTarPerm extractEntry mocha.js
50 silly gunzTarPerm extractEntry bin/_mocha
51 silly gunzTarPerm extractEntry bin/mocha
52 silly gunzTarPerm extractEntry images/error.png
53 silly gunzTarPerm extractEntry images/ok.png
54 silly gunzTarPerm extractEntry lib/utils.js
55 silly gunzTarPerm extractEntry lib/hook.js
56 silly gunzTarPerm extractEntry lib/mocha.js
57 silly gunzTarPerm extractEntry lib/ms.js
58 silly gunzTarPerm extractEntry lib/context.js
59 silly gunzTarPerm extractEntry lib/runnable.js
60 silly gunzTarPerm extractEntry lib/runner.js
61 silly gunzTarPerm extractEntry lib/suite.js
62 silly gunzTarPerm extractEntry lib/test.js
63 silly gunzTarPerm extractEntry lib/interfaces/bdd.js
64 silly gunzTarPerm extractEntry lib/interfaces/exports.js
65 silly gunzTarPerm extractEntry lib/interfaces/index.js
66 silly gunzTarPerm extractEntry lib/interfaces/qunit.js
67 silly gunzTarPerm extractEntry lib/interfaces/tdd.js
68 silly gunzTarPerm extractEntry lib/template.html
69 silly gunzTarPerm extractEntry lib/browser/debug.js
70 silly gunzTarPerm extractEntry lib/browser/events.js
71 silly gunzTarPerm extractEntry lib/browser/fs.js
72 silly gunzTarPerm extractEntry lib/browser/path.js
73 silly gunzTarPerm extractEntry lib/browser/progress.js
74 silly gunzTarPerm extractEntry lib/browser/tty.js
75 silly gunzTarPerm extractEntry lib/reporters/base.js
76 silly gunzTarPerm extractEntry lib/reporters/json-cov.js
77 silly gunzTarPerm extractEntry lib/reporters/json-stream.js
78 silly gunzTarPerm extractEntry lib/reporters/json.js
79 silly gunzTarPerm extractEntry lib/reporters/index.js
80 silly gunzTarPerm extractEntry lib/reporters/doc.js
81 silly gunzTarPerm extractEntry lib/reporters/markdown.js
82 silly gunzTarPerm extractEntry lib/reporters/min.js
83 silly gunzTarPerm extractEntry lib/reporters/nyan.js
84 silly gunzTarPerm extractEntry lib/reporters/progress.js
85 silly gunzTarPerm extractEntry lib/reporters/html.js
86 silly gunzTarPerm extractEntry lib/reporters/spec.js
87 silly gunzTarPerm extractEntry lib/reporters/html-cov.js
88 silly gunzTarPerm extractEntry lib/reporters/tap.js
89 silly gunzTarPerm extractEntry lib/reporters/dot.js
90 silly gunzTarPerm extractEntry lib/reporters/teamcity.js
91 silly gunzTarPerm extractEntry lib/reporters/landing.js
92 silly gunzTarPerm extractEntry lib/reporters/xunit.js
93 silly gunzTarPerm extractEntry lib/reporters/list.js
94 silly gunzTarPerm extractEntry lib/reporters/templates/coverage.jade
95 silly gunzTarPerm extractEntry lib/reporters/templates/menu.jade
96 silly gunzTarPerm extractEntry lib/reporters/templates/script.html
97 silly gunzTarPerm extractEntry lib/reporters/templates/style.html
98 silly gunzTarPerm extractEntry mocha.css
99 silly gunzTarPerm extractEntry Readme.md
100 verbose read json /var/folders/xr/nx9f4mc140j7qb6xtbxwg4th0000gn/T/npm-43836/1381726608675-0.1771822974551469/package/package.json
101 silly lockFile 8c74b4b7-08675-0-1771822974551469-package /var/folders/xr/nx9f4mc140j7qb6xtbxwg4th0000gn/T/npm-43836/1381726608675-0.1771822974551469/package
102 silly lockFile 8c74b4b7-08675-0-1771822974551469-package /var/folders/xr/nx9f4mc140j7qb6xtbxwg4th0000gn/T/npm-43836/1381726608675-0.1771822974551469/package
103 silly lockFile 3d34a4d9-08675-0-1771822974551469-tmp-tgz /var/folders/xr/nx9f4mc140j7qb6xtbxwg4th0000gn/T/npm-43836/1381726608675-0.1771822974551469/tmp.tgz
104 silly lockFile 3d34a4d9-08675-0-1771822974551469-tmp-tgz /var/folders/xr/nx9f4mc140j7qb6xtbxwg4th0000gn/T/npm-43836/1381726608675-0.1771822974551469/tmp.tgz
105 verbose from cache /var/folders/xr/nx9f4mc140j7qb6xtbxwg4th0000gn/T/npm-43836/1381726608675-0.1771822974551469/package/package.json
106 verbose tar pack [ '/Users/chinesecold/.npm/mocha/1.13.0/package.tgz',
106 verbose tar pack   '/var/folders/xr/nx9f4mc140j7qb6xtbxwg4th0000gn/T/npm-43836/1381726608675-0.1771822974551469/package' ]
107 verbose tarball /Users/chinesecold/.npm/mocha/1.13.0/package.tgz
108 verbose folder /var/folders/xr/nx9f4mc140j7qb6xtbxwg4th0000gn/T/npm-43836/1381726608675-0.1771822974551469/package
109 silly lockFile 8c74b4b7-08675-0-1771822974551469-package /var/folders/xr/nx9f4mc140j7qb6xtbxwg4th0000gn/T/npm-43836/1381726608675-0.1771822974551469/package
110 verbose lock /var/folders/xr/nx9f4mc140j7qb6xtbxwg4th0000gn/T/npm-43836/1381726608675-0.1771822974551469/package /Users/chinesecold/.npm/8c74b4b7-08675-0-1771822974551469-package.lock
111 silly lockFile 7c8815e9-old-npm-mocha-1-13-0-package-tgz /Users/chinesecold/.npm/mocha/1.13.0/package.tgz
112 verbose lock /Users/chinesecold/.npm/mocha/1.13.0/package.tgz /Users/chinesecold/.npm/7c8815e9-old-npm-mocha-1-13-0-package-tgz.lock
113 silly lockFile 8c74b4b7-08675-0-1771822974551469-package /var/folders/xr/nx9f4mc140j7qb6xtbxwg4th0000gn/T/npm-43836/1381726608675-0.1771822974551469/package
114 silly lockFile 8c74b4b7-08675-0-1771822974551469-package /var/folders/xr/nx9f4mc140j7qb6xtbxwg4th0000gn/T/npm-43836/1381726608675-0.1771822974551469/package
115 silly lockFile 7c8815e9-old-npm-mocha-1-13-0-package-tgz /Users/chinesecold/.npm/mocha/1.13.0/package.tgz
116 silly lockFile 7c8815e9-old-npm-mocha-1-13-0-package-tgz /Users/chinesecold/.npm/mocha/1.13.0/package.tgz
117 silly lockFile 42b43f1c-esecold-npm-mocha-1-13-0-package /Users/chinesecold/.npm/mocha/1.13.0/package
118 verbose lock /Users/chinesecold/.npm/mocha/1.13.0/package /Users/chinesecold/.npm/42b43f1c-esecold-npm-mocha-1-13-0-package.lock
119 silly lockFile 42b43f1c-esecold-npm-mocha-1-13-0-package /Users/chinesecold/.npm/mocha/1.13.0/package
120 silly lockFile 42b43f1c-esecold-npm-mocha-1-13-0-package /Users/chinesecold/.npm/mocha/1.13.0/package
121 verbose tar unpack /Users/chinesecold/.npm/mocha/1.13.0/package.tgz
122 silly lockFile 42b43f1c-esecold-npm-mocha-1-13-0-package /Users/chinesecold/.npm/mocha/1.13.0/package
123 verbose lock /Users/chinesecold/.npm/mocha/1.13.0/package /Users/chinesecold/.npm/42b43f1c-esecold-npm-mocha-1-13-0-package.lock
124 silly lockFile 7c8815e9-old-npm-mocha-1-13-0-package-tgz /Users/chinesecold/.npm/mocha/1.13.0/package.tgz
125 verbose lock /Users/chinesecold/.npm/mocha/1.13.0/package.tgz /Users/chinesecold/.npm/7c8815e9-old-npm-mocha-1-13-0-package-tgz.lock
126 silly gunzTarPerm modes [ '755', '644' ]
127 silly gunzTarPerm extractEntry package.json
128 silly gunzTarPerm extractEntry index.js
129 silly gunzTarPerm extractEntry mocha.js
130 silly gunzTarPerm extractEntry Readme.md
131 silly gunzTarPerm extractEntry bin/_mocha
132 silly gunzTarPerm extractEntry bin/mocha
133 silly gunzTarPerm extractEntry images/error.png
134 silly gunzTarPerm extractEntry images/ok.png
135 silly gunzTarPerm extractEntry lib/utils.js
136 silly gunzTarPerm extractEntry lib/hook.js
137 silly gunzTarPerm extractEntry lib/mocha.js
138 silly gunzTarPerm extractEntry lib/ms.js
139 silly gunzTarPerm extractEntry lib/context.js
140 silly gunzTarPerm extractEntry lib/runnable.js
141 silly gunzTarPerm extractEntry lib/runner.js
142 silly gunzTarPerm extractEntry lib/suite.js
143 silly gunzTarPerm extractEntry lib/test.js
144 silly gunzTarPerm extractEntry lib/interfaces/bdd.js
145 silly gunzTarPerm extractEntry lib/interfaces/exports.js
146 silly gunzTarPerm extractEntry lib/interfaces/index.js
147 silly gunzTarPerm extractEntry lib/interfaces/qunit.js
148 silly gunzTarPerm extractEntry lib/interfaces/tdd.js
149 silly gunzTarPerm extractEntry lib/template.html
150 silly gunzTarPerm extractEntry lib/browser/debug.js
151 silly gunzTarPerm extractEntry lib/browser/events.js
152 silly gunzTarPerm extractEntry lib/browser/fs.js
153 silly gunzTarPerm extractEntry lib/browser/path.js
154 silly gunzTarPerm extractEntry lib/browser/progress.js
155 silly gunzTarPerm extractEntry lib/browser/tty.js
156 silly gunzTarPerm extractEntry lib/reporters/base.js
157 silly gunzTarPerm extractEntry lib/reporters/json-cov.js
158 silly gunzTarPerm extractEntry lib/reporters/json-stream.js
159 silly gunzTarPerm extractEntry lib/reporters/json.js
160 silly gunzTarPerm extractEntry lib/reporters/index.js
161 silly gunzTarPerm extractEntry lib/reporters/doc.js
162 silly gunzTarPerm extractEntry lib/reporters/markdown.js
163 silly gunzTarPerm extractEntry lib/reporters/min.js
164 silly gunzTarPerm extractEntry lib/reporters/nyan.js
165 silly gunzTarPerm extractEntry lib/reporters/progress.js
166 silly gunzTarPerm extractEntry lib/reporters/html.js
167 silly gunzTarPerm extractEntry lib/reporters/spec.js
168 silly gunzTarPerm extractEntry lib/reporters/html-cov.js
169 silly gunzTarPerm extractEntry lib/reporters/tap.js
170 silly gunzTarPerm extractEntry lib/reporters/dot.js
171 silly gunzTarPerm extractEntry lib/reporters/teamcity.js
172 silly gunzTarPerm extractEntry lib/reporters/landing.js
173 silly gunzTarPerm extractEntry lib/reporters/xunit.js
174 silly gunzTarPerm extractEntry lib/reporters/list.js
175 silly gunzTarPerm extractEntry lib/reporters/templates/coverage.jade
176 silly gunzTarPerm extractEntry lib/reporters/templates/menu.jade
177 silly gunzTarPerm extractEntry lib/reporters/templates/script.html
178 silly gunzTarPerm extractEntry lib/reporters/templates/style.html
179 silly gunzTarPerm extractEntry mocha.css
180 verbose read json /Users/chinesecold/.npm/mocha/1.13.0/package/package.json
181 silly lockFile 42b43f1c-esecold-npm-mocha-1-13-0-package /Users/chinesecold/.npm/mocha/1.13.0/package
182 silly lockFile 42b43f1c-esecold-npm-mocha-1-13-0-package /Users/chinesecold/.npm/mocha/1.13.0/package
183 silly lockFile 7c8815e9-old-npm-mocha-1-13-0-package-tgz /Users/chinesecold/.npm/mocha/1.13.0/package.tgz
184 silly lockFile 7c8815e9-old-npm-mocha-1-13-0-package-tgz /Users/chinesecold/.npm/mocha/1.13.0/package.tgz
185 silly shasum updated bytes 65536
186 silly shasum updated bytes 677
187 info shasum 029732288999afe458136028f26b6a84bf3cfffb
187 info shasum /Users/chinesecold/.npm/mocha/1.13.0/package.tgz
188 verbose from cache /Users/chinesecold/.npm/mocha/1.13.0/package/package.json
189 verbose chmod /Users/chinesecold/.npm/mocha/1.13.0/package.tgz 644
190 verbose chown /Users/chinesecold/.npm/mocha/1.13.0/package.tgz [ 501, 20 ]
191 silly lockFile e8c70cc0-npmjs-org-mocha-mocha-1-13-0-tgz https://registry.npmjs.org/mocha/-/mocha-1.13.0.tgz
192 silly lockFile e8c70cc0-npmjs-org-mocha-mocha-1-13-0-tgz https://registry.npmjs.org/mocha/-/mocha-1.13.0.tgz
193 silly lockFile 85f05c77-mocha-1-13-0 mocha@1.13.0
194 silly lockFile 85f05c77-mocha-1-13-0 mocha@1.13.0
195 silly lockFile b9899f31-mocha mocha@
196 silly lockFile b9899f31-mocha mocha@
197 silly resolved [ { name: 'mocha',
197 silly resolved     version: '1.13.0',
197 silly resolved     description: 'simple, flexible, fun test framework',
197 silly resolved     keywords: [ 'mocha', 'test', 'bdd', 'tdd', 'tap' ],
197 silly resolved     author: { name: 'TJ Holowaychuk', email: 'tj@vision-media.ca' },
197 silly resolved     repository: { type: 'git', url: 'git://github.com/visionmedia/mocha.git' },
197 silly resolved     main: './index',
197 silly resolved     bin: { mocha: './bin/mocha', _mocha: './bin/_mocha' },
197 silly resolved     engines: { node: '>= 0.4.x' },
197 silly resolved     scripts: { test: 'make test-all' },
197 silly resolved     dependencies:
197 silly resolved      { commander: '0.6.1',
197 silly resolved        growl: '1.7.x',
197 silly resolved        jade: '0.26.3',
197 silly resolved        diff: '1.0.7',
197 silly resolved        debug: '*',
197 silly resolved        mkdirp: '0.3.5',
197 silly resolved        glob: '3.2.3' },
197 silly resolved     devDependencies: { should: '*', 'coffee-script': '1.2' },
197 silly resolved     files: [ 'bin', 'images', 'lib', 'index.js', 'mocha.css', 'mocha.js' ],
197 silly resolved     readme: ' [![Build Status](https://secure.travis-ci.org/visionmedia/mocha.png)](http://travis-ci.org/visionmedia/mocha)\n\n  [![Mocha test framework](http://f.cl.ly/items/3l1k0n2A1U3M1I1L210p/Screen%20Shot%202012-02-24%20at%202.21.43%20PM.png)](http://visionmedia.github.io/mocha)\n\n  Mocha is a simple, flexible, fun JavaScript test framework for node.js and the browser. For more information view the [documentation](http://visionmedia.github.io/mocha).\n\n## Contributors\n\n```\n\n project  : mocha\n repo age : 1 year, 7 months\n active   : 272 days\n commits  : 1116\n files    : 123\n authors  :\n   504  TJ Holowaychuk          45.2%\n   389  Tj Holowaychuk          34.9%\n    31  Guillermo Rauch         2.8%\n    13  Attila Domokos          1.2%\n     9  John Firebaugh          0.8%\n     8  Jo Liss                 0.7%\n     7  Nathan Rajlich          0.6%\n     6  James Carr              0.5%\n     6  Brendan Nee             0.5%\n     5  Aaron Heckmann          0.4%\n     4  hokaccha                0.4%\n     4  Xavier Antoviaque       0.4%\n     4  Joshua Krall            0.4%\n     3  Wil Moore III           0.3%\n     3  Jesse Dailey            0.3%\n     3  Nathan Bowser           0.3%\n     3  Tyson Tate              0.3%\n     3  Cory Thomas             0.3%\n     3  Ryunosuke SATO          0.3%\n     3  Paul Miller             0.3%\n     3  Ben Lindsey             0.3%\n     2  Forbes Lindesay         0.2%\n     2  Konstantin Käfer        0.2%\n     2  Brian Beck              0.2%\n     2  Merrick Christensen     0.2%\n     2  Michael Riley           0.2%\n     2  David Henderson         0.2%\n     2  Nathan Alderson         0.2%\n     2  Paul Armstrong          0.2%\n     2  Pete Hawkins            0.2%\n     2  Quang Van               0.2%\n     2  Raynos                  0.2%\n     2  Jonas Westerlund        0.2%\n     2  Domenic Denicola        0.2%\n     2  Shawn Krisman           0.2%\n     2  Simon Gaeremynck        0.2%\n     2  FARKAS Máté             0.2%\n     2  Timo Tijhof             0.2%\n     2  Justin DuJardin         0.2%\n     2  Juzer Ali               0.2%\n     2  Ian Storm Taylor        0.2%\n     2  Arian Stolwijk          0.2%\n     2  domenic                 0.2%\n     1  Richard Dingwall        0.1%\n     1  Russ Bradberry          0.1%\n     1  Sasha Koss              0.1%\n     1  Seiya Konno             0.1%\n     1  Standa Opichal          0.1%\n     1  Steve Mason             0.1%\n     1  Will Langstroth         0.1%\n     1  Yanis Wang              0.1%\n     1  Yuest Wang              0.1%\n     1  abrkn                   0.1%\n     1  airportyh               0.1%\n     1  fengmk2                 0.1%\n     1  tgautier@yahoo.com      0.1%\n     1  traleig1                0.1%\n     1  vlad                    0.1%\n     1  yuitest                 0.1%\n     1  Adam Crabtree           0.1%\n     1  Andreas Brekken         0.1%\n     1  Atsuya Takagi           0.1%\n     1  Austin Birch            0.1%\n     1  Bjørge Næss             0.1%\n     1  Brian Moore             0.1%\n     1  Bryan Donovan           0.1%\n     1  Casey Foster            0.1%\n     1  Corey Butler            0.1%\n     1  Dave McKenna            0.1%\n     1  Fedor Indutny           0.1%\n     1  Florian Margaine        0.1%\n     1  Frederico Silva         0.1%\n     1  Fredrik Lindin          0.1%\n     1  Gareth Murphy           0.1%\n     1  Gavin Mogan             0.1%\n     1  Greg Perkins            0.1%\n     1  Harry Brundage          0.1%\n     1  Herman Junge            0.1%\n     1  Ian Young               0.1%\n     1  Ivan                    0.1%\n     1  Jaakko Salonen          0.1%\n     1  Jakub Nešetřil          0.1%\n     1  James Bowes             0.1%\n     1  James Lal               0.1%\n     1  Jason Barry             0.1%\n     1  Javier Aranda           0.1%\n     1  Jeff Kunkle             0.1%\n     1  Jonathan Creamer        0.1%\n     1  Jussi Virtanen          0.1%\n     1  Katie Gengler           0.1%\n     1  Kazuhito Hokamura       0.1%\n     1  Koen Punt               0.1%\n     1  Laszlo Bacsi            0.1%\n     1  László Bácsi            0.1%\n     1  Maciej Małecki          0.1%\n     1  Matt Robenolt           0.1%\n     1  Matt Smith              0.1%\n     1  Matthew Shanley         0.1%\n     1  Michael Schoonmaker     0.1%\n     1  Phil Sung               0.1%\n     1  R56                     0.1%\n```\n\n## Links\n\n  - [Google Group](http://groups.google.com/group/mochajs)\n  - [Wiki](https://github.com/visionmedia/mocha/wiki)\n  - Mocha [Extensions and reporters](https://github.com/visionmedia/mocha/wiki)\n',
197 silly resolved     readmeFilename: 'Readme.md',
197 silly resolved     _id: 'mocha@1.13.0',
197 silly resolved     dist: { shasum: '029732288999afe458136028f26b6a84bf3cfffb' },
197 silly resolved     _from: 'mocha@',
197 silly resolved     _resolved: 'https://registry.npmjs.org/mocha/-/mocha-1.13.0.tgz' } ]
198 info install mocha@1.13.0 into /usr/local/lib
199 info installOne mocha@1.13.0
200 verbose from cache /Users/chinesecold/.npm/mocha/1.13.0/package/package.json
201 info /usr/local/lib/node_modules/mocha unbuild
202 verbose read json /usr/local/lib/node_modules/mocha/package.json
203 verbose tar unpack /Users/chinesecold/.npm/mocha/1.13.0/package.tgz
204 silly lockFile 1cb4102b-usr-local-lib-node-modules-mocha /usr/local/lib/node_modules/mocha
205 verbose lock /usr/local/lib/node_modules/mocha /Users/chinesecold/.npm/1cb4102b-usr-local-lib-node-modules-mocha.lock
206 silly lockFile 7c8815e9-old-npm-mocha-1-13-0-package-tgz /Users/chinesecold/.npm/mocha/1.13.0/package.tgz
207 verbose lock /Users/chinesecold/.npm/mocha/1.13.0/package.tgz /Users/chinesecold/.npm/7c8815e9-old-npm-mocha-1-13-0-package-tgz.lock
208 silly gunzTarPerm modes [ '755', '644' ]
209 error Error: EACCES, mkdir '/usr/local/lib/node_modules/mocha'
209 error  { [Error: EACCES, mkdir '/usr/local/lib/node_modules/mocha']
209 error   errno: 3,
209 error   code: 'EACCES',
209 error   path: '/usr/local/lib/node_modules/mocha',
209 error   fstream_type: 'Directory',
209 error   fstream_path: '/usr/local/lib/node_modules/mocha',
209 error   fstream_class: 'DirWriter',
209 error   fstream_stack:
209 error    [ '/usr/local/lib/node_modules/npm/node_modules/fstream/lib/dir-writer.js:36:23',
209 error      '/usr/local/lib/node_modules/npm/node_modules/mkdirp/index.js:37:53',
209 error      'Object.oncomplete (fs.js:93:15)' ] }
210 error Please try running this command again as root/Administrator.
211 error System Darwin 12.3.0
212 error command "node" "/usr/local/bin/npm" "install" "-g" "mocha"
213 error cwd /Users/chinesecold/Desktop/chinesecold/Dropbox/workspace_github/alumvest-equity
214 error node -v v0.10.0
215 error npm -v 1.2.14
216 error path /usr/local/lib/node_modules/mocha
217 error fstream_path /usr/local/lib/node_modules/mocha
218 error fstream_type Directory
219 error fstream_class DirWriter
220 error code EACCES
221 error errno 3
222 error stack Error: EACCES, mkdir '/usr/local/lib/node_modules/mocha'
223 error fstream_stack /usr/local/lib/node_modules/npm/node_modules/fstream/lib/dir-writer.js:36:23
223 error fstream_stack /usr/local/lib/node_modules/npm/node_modules/mkdirp/index.js:37:53
223 error fstream_stack Object.oncomplete (fs.js:93:15)
224 verbose exit [ 3, true ]
